{
  "0 debug pnpm:scope": {
    "selected": 1
  },
  "1 error pnpm": {
    "code": "ELIFECYCLE",
    "errno": "ENOENT",
    "syscall": "spawn",
    "file": "sh",
    "pkgid": "neptune-web@",
    "stage": "start:local",
    "script": "next dev -p 3001",
    "pkgname": "neptune-web",
    "err": {
      "name": "pnpm",
      "message": "neptune-web@ start:local: `next dev -p 3001`\nspawn ENOENT",
      "code": "ELIFECYCLE",
      "stack": "pnpm: neptune-web@ start:local: `next dev -p 3001`\nspawn ENOENT\n    at ChildProcess.<anonymous> (/Users/jerrywang/.cache/node/corepack/pnpm/6.32.0/dist/pnpm.cjs:92225:22)\n    at ChildProcess.emit (node:events:513:28)\n    at maybeClose (node:internal/child_process:1100:16)\n    at Process.ChildProcess._handle.onexit (node:internal/child_process:304:5)"
    }
  },
  "2 warn pnpm:global": " Local package.json exists, but node_modules missing, did you mean to install?"
}